Object was changed
Object was changed from:Name: Plan1
Price: 10
Prices(min,mb): calls: 20 internet: 40
Free (min,mb): calls: 1000 internet: 100
 to Name: Plan1
Price: 12
Prices(min,mb): calls: 20 internet: 40
Free (min,mb): calls: 1000 internet: 100

Object was changed from:
Name: Plan1
Price: 10
Prices(min,mb): calls: 20 internet: 40
Free (min,mb): calls: 1000 internet: 100

to:
Name: Plan1
Price: 12
Prices(min,mb): calls: 20 internet: 40
Free (min,mb): calls: 1000 internet: 100

Plan:
Name: Plan1
Price: 10
Prices(min,mb): calls: 20 internet: 40
Free (min,mb): calls: 1000 internet: 100

NumberOfUsers:
1000Plan:
Name: Plan3
Price: 1060

NumberOfUsers:
3500Plan:
Name: Plan2
Price: 20
Prices(min,mb): calls: 10 internet: 15

NumberOfUsers:
20000
Plan:
Name: Plan1
Price: 10
Prices(min,mb): calls: 20 internet: 40
Free (min,mb): calls: 1000 internet: 100

NumberOfUsers:
1000
Plan:
Name: Plan3
Price: 1060

NumberOfUsers:
3500
Plan:
Name: Plan2
Price: 20
Prices(min,mb): calls: 10 internet: 15

NumberOfUsers:
20000

Plan:
Name: Plan1
Price: 10
Prices(min,mb): calls: 20 internet: 40
Free (min,mb): calls: 1000 internet: 100

NumberOfUsers:
1000

Plan:
Name: Plan3
Price: 1060

NumberOfUsers:
3500

Plan:
Name: Plan2
Price: 20
Prices(min,mb): calls: 10 internet: 15

NumberOfUsers:
20000


Plan:
Cellular Name: MTS
Name: Plan1
Price: 10
Prices(min,mb): calls: 20 internet: 40
Free (min,mb): calls: 1000 internet: 100

NumberOfUsers:
1000

Plan:
Cellular Name: Life
Name: Plan3
Price: 1060

NumberOfUsers:
3500

Plan:
Cellular Name: Velcom
Name: Plan2
Price: 20
Prices(min,mb): calls: 10 internet: 15

NumberOfUsers:
20000


PlanWithCalls:
Cellular Name: Velcom
Name: Plan2
Price: 20
price Of calls: 10
NumberOfUsers:
20000

PlanWithCalls:
Cellular Name: Life
Name: Plan3
Price: 1060
price Of calls: 0
NumberOfUsers:
3500

PlanWithCalls:
Cellular Name: MTS
Name: Plan1
Price: 10
price Of calls: 20
NumberOfUsers:
1000


PlanWithCalls:
Cellular Name: Velcom
Name: Plan2
Price: 20
price Of internet: 10
NumberOfUsers:
20000

PlanWithCalls:
Cellular Name: Life
Name: Plan3
Price: 1060
price Of calls: 20
price Of internet: 10
NumberOfUsers:
3500

PlanWithCalls:
Cellular Name: MTS
Name: Plan1
Price: 10
price Of calls: 20
NumberOfUsers:
1000


PlanWithCalls:
Cellular Name: Velcom
Name: Plan2
Price: 20
price Of internet: 10
NumberOfUsers:
20000

PlanWithCalls:
Cellular Name: Life
Name: Plan3
Price: 1060
price Of calls: 20
price Of internet: 10
NumberOfUsers:
3500

PlanWithCalls:
Cellular Name: MTS
Name: Plan1
Price: 10
price Of calls: 20
NumberOfUsers:
1000


PlanWithCalls:
Cellular Name: Velcom
Name: Plan2
Price: 20
price Of internet: 10
NumberOfUsers:
20000

PlanWithCalls:
Cellular Name: Life
Name: Plan3
Price: 1060
price Of calls: 20
price Of internet: 10
NumberOfUsers:
3500

PlanWithCalls:
Cellular Name: MTS
Name: Plan1
Price: 10
price Of calls: 20
NumberOfUsers:
1000


PlanWithCalls:
Cellular Name: MTS
Name: Plan1
Price: 10
price Of calls: 20
NumberOfUsers:
1000

PlanWithCalls:
Cellular Name: Velcom
Name: Plan2
Price: 20
price Of internet: 10
NumberOfUsers:
20000

PlanWithCalls:
Cellular Name: Life
Name: Plan3
Price: 1060
price Of calls: 20
price Of internet: 10
NumberOfUsers:
3500


PlanWithCalls:
Cellular Name: MTS
Name: Plan1
Price: 10
price Of calls: 1
NumberOfUsers:
300

PlanWithCalls:
Cellular Name: Life
Name: Plan3
Price: 10
price Of internet: 200
NumberOfUsers:
400

PlanWithCalls:
Cellular Name: Velcome
Name: Plan2
Price: 10
price Of calls: 100
NumberOfUsers:
400


